<?xml version="1.0" encoding="UTF-8"?>
<!-- Generated by org.testng.reporters.JUnitXMLReporter -->
<testsuite hostname="DESKTOP-S1IA1E8" ignored="1" name="Default test" tests="3" failures="0" timestamp="2021-12-27T21:43:47 IST" time="0.076" errors="0">
  <testcase name="App" time="0.01" classname="Enabled.Enable"/>
  <testcase name="Boat" time="0.001" classname="Enabled.Enable"/>
  <testcase name="Dear" time="0.001" classname="Enabled.Enable"/>
  <testcase name="Cool" time="0.0" classname="Enabled.Enable">
    <ignored/>
  </testcase> <!-- Cool -->
</testsuite> <!-- Default test -->
