<?xml version="1.0" encoding="UTF-8"?>
<!-- Generated by org.testng.reporters.JUnitXMLReporter -->
<testsuite hostname="DESKTOP-S1IA1E8" ignored="0" name="Others" tests="4" failures="0" timestamp="2021-12-26T18:46:10 IST" time="0.091" errors="0">
  <testcase name="postRequisite1" time="0.012" classname="Others.Day1"/>
  <testcase name="postcond" time="0.002" classname="Others.Day1"/>
  <testcase name="preRequisite" time="0.002" classname="Others.Day1"/>
  <testcase name="precond" time="0.002" classname="Others.Day1"/>
</testsuite> <!-- Others -->
