<?xml version="1.0" encoding="UTF-8"?>
<!-- Generated by org.testng.reporters.JUnitXMLReporter -->
<testsuite hostname="DESKTOP-S1IA1E8" ignored="3" name="Smoke" tests="4" failures="0" timestamp="2021-12-26T19:43:41 IST" time="0.091" errors="0">
  <testcase name="preRequisite" time="0.011" classname="Others.Day1"/>
  <testcase name="precond" time="0.002" classname="Others.Day1"/>
  <testcase name="MyApp" time="0.002" classname="Others.Day2"/>
  <testcase name="MyPhone" time="0.002" classname="Others.Day2"/>
  <testcase name="MyCollege" time="0.0" classname="Others.Day2">
    <ignored/>
  </testcase> <!-- MyCollege -->
  <testcase name="postRequisite" time="0.0" classname="Others.Day1">
    <ignored/>
  </testcase> <!-- postRequisite -->
  <testcase name="postcond" time="0.0" classname="Others.Day1">
    <ignored/>
  </testcase> <!-- postcond -->
</testsuite> <!-- Smoke -->
