<?xml version="1.0" encoding="UTF-8"?>
<!-- Generated by org.testng.reporters.JUnitXMLReporter -->
<testsuite hostname="DESKTOP-S1IA1E8" ignored="4" name="TestBike" tests="2" failures="0" timestamp="2021-12-20T22:17:52 IST" time="0.038" errors="0">
  <testcase name="loginAPIBike" time="0.005" classname="Test.Test3"/>
  <testcase name="webLoginBike" time="0.004" classname="Test.Test3"/>
  <testcase name="mob" time="0.0" classname="Test.Test5">
    <ignored/>
  </testcase> <!-- mob -->
  <testcase name="mobsignIn" time="0.0" classname="Test.Test5">
    <ignored/>
  </testcase> <!-- mobsignIn -->
  <testcase name="mobileLoginBike" time="0.0" classname="Test.Test3">
    <ignored/>
  </testcase> <!-- mobileLoginBike -->
  <testcase name="mobSignup" time="0.0" classname="Test.Test5">
    <ignored/>
  </testcase> <!-- mobSignup -->
</testsuite> <!-- TestBike -->
