<?xml version="1.0" encoding="UTF-8"?>
<!-- Generated by org.testng.reporters.JUnitXMLReporter -->
<testsuite hostname="DESKTOP-S1IA1E8" ignored="0" name="Test" tests="5" failures="0" timestamp="2021-12-27T23:33:44 IST" time="0.085" errors="0">
  <testcase name="Boat" time="0.01" classname="Parameterization.Parameter"/>
  <testcase name="Cool" time="0.002" classname="Parameterization.Parameter"/>
  <testcase name="Dear" time="0.002" classname="Parameterization.Parameter"/>
  <testcase name="Cool" time="0.002" classname="Parameterization.Parameter1"/>
  <testcase name="Dear" time="0.002" classname="Parameterization.Parameter1"/>
</testsuite> <!-- Test -->
